<?xml version="1.0" encoding="UTF-8"?>
<!-- Generated by org.testng.reporters.JUnitReportReporter -->
<testsuite hostname="DESKTOP-MK8307O" failures="0" tests="2" name="rahulshettyacademy.MavenJava.AppiumTest" time="0.006" errors="0" timestamp="2021-06-01T13:34:48 IST" skipped="0">
  <testcase classname="rahulshettyacademy.MavenJava.AppiumTest" name="NativeAppAndroid" time="0.000"/>
  <system-out/>
  <testcase classname="rahulshettyacademy.MavenJava.AppiumTest" name="IOSApps" time="0.006"/>
  <system-out/>
</testsuite> <!-- rahulshettyacademy.MavenJava.AppiumTest -->
