<?xml version="1.0" encoding="UTF-8"?>
<!-- Generated by org.testng.reporters.JUnitReportReporter -->
<testsuite hostname="DESKTOP-MK8307O" failures="0" tests="2" name="rahulshettyacademy.MavenJava.SeleniumTest" time="0.001" errors="0" timestamp="2021-06-01T13:34:24 IST" skipped="0">
  <testcase classname="rahulshettyacademy.MavenJava.SeleniumTest" name="BroswerAutomation" time="0.000"/>
  <system-out/>
  <testcase classname="rahulshettyacademy.MavenJava.SeleniumTest" name="ElementsUI" time="0.001"/>
  <system-out/>
</testsuite> <!-- rahulshettyacademy.MavenJava.SeleniumTest -->
