<?xml version="1.0" encoding="UTF-8"?>
<!-- Generated by org.testng.reporters.JUnitReportReporter -->
<testsuite hostname="DESKTOP-MK8307O" failures="0" tests="2" name="rahulshettyacademy.MavenJava.RestAPITest" time="0.002" errors="0" timestamp="2021-06-01T13:34:48 IST" skipped="0">
  <testcase classname="rahulshettyacademy.MavenJava.RestAPITest" name="deleteTwitter" time="0.001"/>
  <system-out/>
  <testcase classname="rahulshettyacademy.MavenJava.RestAPITest" name="PostJira" time="0.001"/>
  <system-out/>
</testsuite> <!-- rahulshettyacademy.MavenJava.RestAPITest -->
